# JRE version: Java(TM) SE Runtime Environment (7.0_80-b15) (build 1.7.0_80-b15)
# Java VM: Java HotSpot(TM) 64-Bit Server VM (24.80-b11 mixed mode windows-amd64 compressed oops)
Heap
 PSYoungGen      total 71680K, used 71664K [0x00000007d5c00000, 0x00000007da700000, 0x0000000800000000)
  eden space 66560K, 100% used [0x00000007d5c00000,0x00000007d9d00000,0x00000007d9d00000)
  from space 5120K, 99% used [0x00000007da200000,0x00000007da6fc010,0x00000007da700000)
  to   space 5120K, 99% used [0x00000007d9d00000,0x00000007da1f8020,0x00000007da200000)
 ParOldGen       total 86528K, used 12171K [0x0000000781400000, 0x0000000786880000, 0x00000007d5c00000)
  object space 86528K, 14% used [0x0000000781400000,0x0000000781fe2ce8,0x0000000786880000)
 PSPermGen       total 21504K, used 20293K [0x000000077c200000, 0x000000077d700000, 0x0000000781400000)
  object space 21504K, 94% used [0x000000077c200000,0x000000077d5d1480,0x000000077d700000)
GC Heap History (9 events):
Event: 0.920 GC heap before
{Heap before GC invocations=1 (full 0):
 PSYoungGen      total 38400K, used 33280K [0x00000007d5c00000, 0x00000007d8680000, 0x0000000800000000)
  eden space 33280K, 100% used [0x00000007d5c00000,0x00000007d7c80000,0x00000007d7c80000)
  from space 5120K, 0% used [0x00000007d8180000,0x00000007d8180000,0x00000007d8680000)
  to   space 5120K, 0% used [0x00000007d7c80000,0x00000007d7c80000,0x00000007d8180000)
 ParOldGen       total 86528K, used 0K [0x0000000781400000, 0x0000000786880000, 0x00000007d5c00000)
  object space 86528K, 0% used [0x0000000781400000,0x0000000781400000,0x0000000786880000)
 PSPermGen       total 21504K, used 8133K [0x000000077c200000, 0x000000077d700000, 0x0000000781400000)
  object space 21504K, 37% used [0x000000077c200000,0x000000077c9f15a8,0x000000077d700000)
Event: 0.927 GC heap after
Heap after GC invocations=1 (full 0):
 PSYoungGen      total 38400K, used 5091K [0x00000007d5c00000, 0x00000007d8680000, 0x0000000800000000)
  eden space 33280K, 0% used [0x00000007d5c00000,0x00000007d5c00000,0x00000007d7c80000)
  from space 5120K, 99% used [0x00000007d7c80000,0x00000007d8178c48,0x00000007d8180000)
  to   space 5120K, 0% used [0x00000007d8180000,0x00000007d8180000,0x00000007d8680000)
 ParOldGen       total 86528K, used 114K [0x0000000781400000, 0x0000000786880000, 0x00000007d5c00000)
  object space 86528K, 0% used [0x0000000781400000,0x000000078141cbc8,0x0000000786880000)
 PSPermGen       total 21504K, used 8133K [0x000000077c200000, 0x000000077d700000, 0x0000000781400000)
  object space 21504K, 37% used [0x000000077c200000,0x000000077c9f15a8,0x000000077d700000)
}
Event: 1.640 GC heap before
{Heap before GC invocations=2 (full 0):
 PSYoungGen      total 38400K, used 38371K [0x00000007d5c00000, 0x00000007d8680000, 0x0000000800000000)
  eden space 33280K, 100% used [0x00000007d5c00000,0x00000007d7c80000,0x00000007d7c80000)
  from space 5120K, 99% used [0x00000007d7c80000,0x00000007d8178c48,0x00000007d8180000)
  to   space 5120K, 0% used [0x00000007d8180000,0x00000007d8180000,0x00000007d8680000)
 ParOldGen       total 86528K, used 114K [0x0000000781400000, 0x0000000786880000, 0x00000007d5c00000)
  object space 86528K, 0% used [0x0000000781400000,0x000000078141cbc8,0x0000000786880000)
 PSPermGen       total 21504K, used 12285K [0x000000077c200000, 0x000000077d700000, 0x0000000781400000)
  object space 21504K, 57% used [0x000000077c200000,0x000000077cdff558,0x000000077d700000)
Event: 1.650 GC heap after
Heap after GC invocations=2 (full 0):
 PSYoungGen      total 38400K, used 5097K [0x00000007d5c00000, 0x00000007da700000, 0x0000000800000000)
  eden space 33280K, 0% used [0x00000007d5c00000,0x00000007d5c00000,0x00000007d7c80000)
  from space 5120K, 99% used [0x00000007d8180000,0x00000007d867a4e8,0x00000007d8680000)
  to   space 5120K, 0% used [0x00000007d7c80000,0x00000007d7c80000,0x00000007d8180000)
 ParOldGen       total 86528K, used 2372K [0x0000000781400000, 0x0000000786880000, 0x00000007d5c00000)
  object space 86528K, 2% used [0x0000000781400000,0x0000000781651218,0x0000000786880000)
 PSPermGen       total 21504K, used 12285K [0x000000077c200000, 0x000000077d700000, 0x0000000781400000)
  object space 21504K, 57% used [0x000000077c200000,0x000000077cdff558,0x000000077d700000)
}
Event: 2.555 GC heap before
{Heap before GC invocations=3 (full 0):
 PSYoungGen      total 38400K, used 38377K [0x00000007d5c00000, 0x00000007da700000, 0x0000000800000000)
  eden space 33280K, 100% used [0x00000007d5c00000,0x00000007d7c80000,0x00000007d7c80000)
  from space 5120K, 99% used [0x00000007d8180000,0x00000007d867a4e8,0x00000007d8680000)
  to   space 5120K, 0% used [0x00000007d7c80000,0x00000007d7c80000,0x00000007d8180000)
 ParOldGen       total 86528K, used 2372K [0x0000000781400000, 0x0000000786880000, 0x00000007d5c00000)
  object space 86528K, 2% used [0x0000000781400000,0x0000000781651218,0x0000000786880000)
 PSPermGen       total 21504K, used 15113K [0x000000077c200000, 0x000000077d700000, 0x0000000781400000)
  object space 21504K, 70% used [0x000000077c200000,0x000000077d0c2728,0x000000077d700000)
Event: 2.574 GC heap after
Heap after GC invocations=3 (full 0):
 PSYoungGen      total 38400K, used 5112K [0x00000007d5c00000, 0x00000007da700000, 0x0000000800000000)
  eden space 33280K, 0% used [0x00000007d5c00000,0x00000007d5c00000,0x00000007d7c80000)
  from space 5120K, 99% used [0x00000007d7c80000,0x00000007d817e1a0,0x00000007d8180000)
  to   space 5120K, 0% used [0x00000007da200000,0x00000007da200000,0x00000007da700000)
 ParOldGen       total 86528K, used 4976K [0x0000000781400000, 0x0000000786880000, 0x00000007d5c00000)
  object space 86528K, 5% used [0x0000000781400000,0x00000007818dc380,0x0000000786880000)
 PSPermGen       total 21504K, used 15113K [0x000000077c200000, 0x000000077d700000, 0x0000000781400000)
  object space 21504K, 70% used [0x000000077c200000,0x000000077d0c2728,0x000000077d700000)
}
Event: 3.303 GC heap before
{Heap before GC invocations=4 (full 0):
 PSYoungGen      total 38400K, used 38392K [0x00000007d5c00000, 0x00000007da700000, 0x0000000800000000)
  eden space 33280K, 100% used [0x00000007d5c00000,0x00000007d7c80000,0x00000007d7c80000)
  from space 5120K, 99% used [0x00000007d7c80000,0x00000007d817e1a0,0x00000007d8180000)
  to   space 5120K, 0% used [0x00000007da200000,0x00000007da200000,0x00000007da700000)
 ParOldGen       total 86528K, used 4976K [0x0000000781400000, 0x0000000786880000, 0x00000007d5c00000)
  object space 86528K, 5% used [0x0000000781400000,0x00000007818dc380,0x0000000786880000)
 PSPermGen       total 21504K, used 15469K [0x000000077c200000, 0x000000077d700000, 0x0000000781400000)
  object space 21504K, 71% used [0x000000077c200000,0x000000077d11b4a8,0x000000077d700000)
Event: 3.328 GC heap after
Heap after GC invocations=4 (full 0):
 PSYoungGen      total 71680K, used 5104K [0x00000007d5c00000, 0x00000007da700000, 0x0000000800000000)
  eden space 66560K, 0% used [0x00000007d5c00000,0x00000007d5c00000,0x00000007d9d00000)
  from space 5120K, 99% used [0x00000007da200000,0x00000007da6fc010,0x00000007da700000)
  to   space 5120K, 0% used [0x00000007d9d00000,0x00000007d9d00000,0x00000007da200000)
 ParOldGen       total 86528K, used 7190K [0x0000000781400000, 0x0000000786880000, 0x00000007d5c00000)
  object space 86528K, 8% used [0x0000000781400000,0x0000000781b05878,0x0000000786880000)
 PSPermGen       total 21504K, used 15469K [0x000000077c200000, 0x000000077d700000, 0x0000000781400000)
  object space 21504K, 71% used [0x000000077c200000,0x000000077d11b4a8,0x000000077d700000)
}
Event: 6.312 GC heap before
{Heap before GC invocations=5 (full 0):
 PSYoungGen      total 71680K, used 71664K [0x00000007d5c00000, 0x00000007da700000, 0x0000000800000000)
  eden space 66560K, 100% used [0x00000007d5c00000,0x00000007d9d00000,0x00000007d9d00000)
  from space 5120K, 99% used [0x00000007da200000,0x00000007da6fc010,0x00000007da700000)
  to   space 5120K, 0% used [0x00000007d9d00000,0x00000007d9d00000,0x00000007da200000)
 ParOldGen       total 86528K, used 7190K [0x0000000781400000, 0x0000000786880000, 0x00000007d5c00000)
  object space 86528K, 8% used [0x0000000781400000,0x0000000781b05878,0x0000000786880000)
 PSPermGen       total 21504K, used 20293K [0x000000077c200000, 0x000000077d700000, 0x0000000781400000)
  object space 21504K, 94% used [0x000000077c200000,0x000000077d5d1480,0x000000077d700000)

